2024-12-14 13:03:03 - root - INFO: - Dataset:NoisyMNIST
2024-12-14 13:03:03 - root - INFO: - Autoencoder={
2024-12-14 13:03:03 - root - INFO: -           arch1 = [784, 1024, 1024, 1024, 64]
2024-12-14 13:03:03 - root - INFO: -           arch2 = [784, 1024, 1024, 1024, 64]
2024-12-14 13:03:03 - root - INFO: -           activations1 = relu
2024-12-14 13:03:03 - root - INFO: -           activations2 = relu
2024-12-14 13:03:03 - root - INFO: -           batchnorm = True
2024-12-14 13:03:03 - root - INFO: - training={
2024-12-14 13:03:03 - root - INFO: -           seed = 2
2024-12-14 13:03:03 - root - INFO: -           epoch = 100
2024-12-14 13:03:03 - root - INFO: -           batch_size = 256
2024-12-14 13:03:03 - root - INFO: -           lr = 0.0001
2024-12-14 13:03:03 - root - INFO: -           alpha = 3.0
2024-12-14 13:03:03 - root - INFO: -           beta = 3.0
2024-12-14 13:03:03 - root - INFO: -           gamma = 8.0
2024-12-14 13:03:03 - root - INFO: -           lambda1 = 0.3
2024-12-14 13:03:03 - root - INFO: -           lambda2 = 0.01
2024-12-14 13:03:03 - root - INFO: -           droprate = 0.1
2024-12-14 13:03:03 - root - INFO: - print_num = 10
2024-12-14 13:03:03 - root - INFO: - dataset = NoisyMNIST
2024-12-14 13:03:09 - root - INFO: - Autoencoder(
  (encoder): Sequential(
    (0): Linear(in_features=784, out_features=1024, bias=True)
    (1): BatchNorm1d(1024, eps=1e-05, momentum=0.1, affine=True, track_running_stats=True)
    (2): ReLU()
    (3): Linear(in_features=1024, out_features=1024, bias=True)
    (4): BatchNorm1d(1024, eps=1e-05, momentum=0.1, affine=True, track_running_stats=True)
    (5): ReLU()
    (6): Linear(in_features=1024, out_features=1024, bias=True)
    (7): BatchNorm1d(1024, eps=1e-05, momentum=0.1, affine=True, track_running_stats=True)
    (8): ReLU()
    (9): Linear(in_features=1024, out_features=64, bias=True)
  )
  (decoder): Sequential(
    (0): Linear(in_features=64, out_features=1024, bias=True)
    (1): BatchNorm1d(1024, eps=1e-05, momentum=0.1, affine=True, track_running_stats=True)
    (2): ReLU()
    (3): Linear(in_features=1024, out_features=1024, bias=True)
    (4): BatchNorm1d(1024, eps=1e-05, momentum=0.1, affine=True, track_running_stats=True)
    (5): ReLU()
    (6): Linear(in_features=1024, out_features=1024, bias=True)
    (7): BatchNorm1d(1024, eps=1e-05, momentum=0.1, affine=True, track_running_stats=True)
    (8): ReLU()
    (9): Linear(in_features=1024, out_features=784, bias=True)
    (10): BatchNorm1d(784, eps=1e-05, momentum=0.1, affine=True, track_running_stats=True)
    (11): ReLU()
  )
)
2024-12-14 13:03:09 - root - INFO: - Adam (
Parameter Group 0
    amsgrad: False
    betas: (0.9, 0.999)
    capturable: False
    differentiable: False
    eps: 1e-08
    foreach: None
    fused: None
    lr: 0.0001
    maximize: False
    weight_decay: 0
)
2024-12-14 13:05:00 - root - INFO: - [2;29mEpoch : 10/100 ===> Reconstruction Loss = 30.6193  ===> Global Consensus Learning Loss = -115.9542 ===> Classifying Consensus Learning Loss = -3.0922e+03 ===> Coding Consensus  Learning Loss = 569.5938 ===> Total Loss = -3.0906e+03[0m
2024-12-14 13:05:34 - root - INFO: - [2;29mview_concat {'kmeans': {'AMI': 0.772, 'NMI': 0.7722, 'ARI': 0.6848, 'accuracy': 0.7666, 'precision': 0.7532, 'recall': 0.7637, 'f_measure': 0.7531}}[0m
2024-12-14 13:07:18 - root - INFO: - [2;29mEpoch : 20/100 ===> Reconstruction Loss = 27.2596  ===> Global Consensus Learning Loss = -135.9081 ===> Classifying Consensus Learning Loss = -3.2557e+03 ===> Coding Consensus  Learning Loss = 518.9550 ===> Total Loss = -3.2640e+03[0m
2024-12-14 13:07:19 - root - INFO: - [2;29mview_concat {'kmeans': {'AMI': 0.9019, 'NMI': 0.902, 'ARI': 0.8876, 'accuracy': 0.9414, 'precision': 0.9412, 'recall': 0.9412, 'f_measure': 0.9411}}[0m
2024-12-14 13:09:03 - root - INFO: - [2;29mEpoch : 30/100 ===> Reconstruction Loss = 25.3480  ===> Global Consensus Learning Loss = -141.0812 ===> Classifying Consensus Learning Loss = -3.2816e+03 ===> Coding Consensus  Learning Loss = 513.0169 ===> Total Loss = -3.2935e+03[0m
2024-12-14 13:09:31 - root - INFO: - [2;29mview_concat {'kmeans': {'AMI': 0.9334, 'NMI': 0.9335, 'ARI': 0.9411, 'accuracy': 0.9726, 'precision': 0.9725, 'recall': 0.9726, 'f_measure': 0.9725}}[0m
2024-12-14 13:11:08 - root - INFO: - [2;29mEpoch : 40/100 ===> Reconstruction Loss = 23.6664  ===> Global Consensus Learning Loss = -144.0997 ===> Classifying Consensus Learning Loss = -3.2931e+03 ===> Coding Consensus  Learning Loss = 511.2313 ===> Total Loss = -3.3076e+03[0m
2024-12-14 13:11:09 - root - INFO: - [2;29mview_concat {'kmeans': {'AMI': 0.939, 'NMI': 0.9391, 'ARI': 0.9481, 'accuracy': 0.976, 'precision': 0.976, 'recall': 0.976, 'f_measure': 0.976}}[0m
2024-12-14 13:12:51 - root - INFO: - [2;29mEpoch : 50/100 ===> Reconstruction Loss = 22.9533  ===> Global Consensus Learning Loss = -146.2516 ===> Classifying Consensus Learning Loss = -3.2981e+03 ===> Coding Consensus  Learning Loss = 509.8494 ===> Total Loss = -3.3140e+03[0m
2024-12-14 13:12:51 - root - INFO: - [2;29mview_concat {'kmeans': {'AMI': 0.941, 'NMI': 0.9411, 'ARI': 0.9502, 'accuracy': 0.977, 'precision': 0.977, 'recall': 0.977, 'f_measure': 0.977}}[0m
2024-12-14 13:14:31 - root - INFO: - [2;29mEpoch : 60/100 ===> Reconstruction Loss = 22.4382  ===> Global Consensus Learning Loss = -147.5292 ===> Classifying Consensus Learning Loss = -3.3069e+03 ===> Coding Consensus  Learning Loss = 509.1390 ===> Total Loss = -3.3237e+03[0m
2024-12-14 13:14:31 - root - INFO: - [2;29mview_concat {'kmeans': {'AMI': 0.9408, 'NMI': 0.9408, 'ARI': 0.9502, 'accuracy': 0.9771, 'precision': 0.9771, 'recall': 0.977, 'f_measure': 0.977}}[0m
2024-12-14 13:16:12 - root - INFO: - [2;29mEpoch : 70/100 ===> Reconstruction Loss = 20.7267  ===> Global Consensus Learning Loss = -148.6447 ===> Classifying Consensus Learning Loss = -3.3113e+03 ===> Coding Consensus  Learning Loss = 508.3341 ===> Total Loss = -3.3301e+03[0m
2024-12-14 13:16:13 - root - INFO: - [2;29mview_concat {'kmeans': {'AMI': 0.9398, 'NMI': 0.9399, 'ARI': 0.9494, 'accuracy': 0.9767, 'precision': 0.9767, 'recall': 0.9766, 'f_measure': 0.9766}}[0m
2024-12-14 13:17:55 - root - INFO: - [2;29mEpoch : 80/100 ===> Reconstruction Loss = 20.5579  ===> Global Consensus Learning Loss = -149.1115 ===> Classifying Consensus Learning Loss = -3.3238e+03 ===> Coding Consensus  Learning Loss = 508.0523 ===> Total Loss = -3.3429e+03[0m
2024-12-14 13:17:56 - root - INFO: - [2;29mview_concat {'kmeans': {'AMI': 0.9422, 'NMI': 0.9423, 'ARI': 0.9517, 'accuracy': 0.9778, 'precision': 0.9778, 'recall': 0.9777, 'f_measure': 0.9777}}[0m
2024-12-14 13:19:42 - root - INFO: - [2;29mEpoch : 90/100 ===> Reconstruction Loss = 20.0601  ===> Global Consensus Learning Loss = -149.8007 ===> Classifying Consensus Learning Loss = -3.3331e+03 ===> Coding Consensus  Learning Loss = 507.5133 ===> Total Loss = -3.3529e+03[0m
2024-12-14 13:19:42 - root - INFO: - [2;29mview_concat {'kmeans': {'AMI': 0.9407, 'NMI': 0.9407, 'ARI': 0.9508, 'accuracy': 0.9774, 'precision': 0.9774, 'recall': 0.9772, 'f_measure': 0.9773}}[0m
2024-12-14 13:21:25 - root - INFO: - [2;29mEpoch : 100/100 ===> Reconstruction Loss = 19.9371  ===> Global Consensus Learning Loss = -150.2560 ===> Classifying Consensus Learning Loss = -3.3458e+03 ===> Coding Consensus  Learning Loss = 506.9218 ===> Total Loss = -3.3659e+03[0m
2024-12-14 13:21:26 - root - INFO: - [2;29mview_concat {'kmeans': {'AMI': 0.9406, 'NMI': 0.9406, 'ARI': 0.9503, 'accuracy': 0.9772, 'precision': 0.9772, 'recall': 0.9771, 'f_measure': 0.9771}}[0m
2024-12-14 13:21:26 - root - INFO: - [2;29mbest scoresview_concat {'kmeans': {'AMI': 0.9422, 'NMI': 0.9423, 'ARI': 0.9517, 'accuracy': 0.9778, 'precision': 0.9778, 'recall': 0.9777, 'f_measure': 0.9777}}[0m
2024-12-14 13:21:26 - root - INFO: - Autoencoder(
  (encoder): Sequential(
    (0): Linear(in_features=784, out_features=1024, bias=True)
    (1): BatchNorm1d(1024, eps=1e-05, momentum=0.1, affine=True, track_running_stats=True)
    (2): ReLU()
    (3): Linear(in_features=1024, out_features=1024, bias=True)
    (4): BatchNorm1d(1024, eps=1e-05, momentum=0.1, affine=True, track_running_stats=True)
    (5): ReLU()
    (6): Linear(in_features=1024, out_features=1024, bias=True)
    (7): BatchNorm1d(1024, eps=1e-05, momentum=0.1, affine=True, track_running_stats=True)
    (8): ReLU()
    (9): Linear(in_features=1024, out_features=64, bias=True)
  )
  (decoder): Sequential(
    (0): Linear(in_features=64, out_features=1024, bias=True)
    (1): BatchNorm1d(1024, eps=1e-05, momentum=0.1, affine=True, track_running_stats=True)
    (2): ReLU()
    (3): Linear(in_features=1024, out_features=1024, bias=True)
    (4): BatchNorm1d(1024, eps=1e-05, momentum=0.1, affine=True, track_running_stats=True)
    (5): ReLU()
    (6): Linear(in_features=1024, out_features=1024, bias=True)
    (7): BatchNorm1d(1024, eps=1e-05, momentum=0.1, affine=True, track_running_stats=True)
    (8): ReLU()
    (9): Linear(in_features=1024, out_features=784, bias=True)
    (10): BatchNorm1d(784, eps=1e-05, momentum=0.1, affine=True, track_running_stats=True)
    (11): ReLU()
  )
)
2024-12-14 13:21:26 - root - INFO: - Adam (
Parameter Group 0
    amsgrad: False
    betas: (0.9, 0.999)
    capturable: False
    differentiable: False
    eps: 1e-08
    foreach: None
    fused: None
    lr: 0.0001
    maximize: False
    weight_decay: 0
)
2024-12-14 13:23:08 - root - INFO: - [2;29mEpoch : 10/100 ===> Reconstruction Loss = 30.5621  ===> Global Consensus Learning Loss = -108.2901 ===> Classifying Consensus Learning Loss = -3.0581e+03 ===> Coding Consensus  Learning Loss = 577.5653 ===> Total Loss = -3.0542e+03[0m
2024-12-14 13:23:10 - root - INFO: - [2;29mview_concat {'kmeans': {'AMI': 0.7256, 'NMI': 0.7259, 'ARI': 0.5725, 'accuracy': 0.662, 'precision': 0.6515, 'recall': 0.6581, 'f_measure': 0.647}}[0m
2024-12-14 13:24:54 - root - INFO: - [2;29mEpoch : 20/100 ===> Reconstruction Loss = 26.3697  ===> Global Consensus Learning Loss = -134.3655 ===> Classifying Consensus Learning Loss = -3.2504e+03 ===> Coding Consensus  Learning Loss = 519.2664 ===> Total Loss = -3.2591e+03[0m
2024-12-14 13:24:55 - root - INFO: - [2;29mview_concat {'kmeans': {'AMI': 0.9258, 'NMI': 0.9259, 'ARI': 0.9336, 'accuracy': 0.9692, 'precision': 0.9691, 'recall': 0.9692, 'f_measure': 0.969}}[0m
2024-12-14 13:26:32 - root - INFO: - [2;29mEpoch : 30/100 ===> Reconstruction Loss = 23.9915  ===> Global Consensus Learning Loss = -140.0907 ===> Classifying Consensus Learning Loss = -3.2833e+03 ===> Coding Consensus  Learning Loss = 513.1549 ===> Total Loss = -3.2962e+03[0m
2024-12-14 13:26:33 - root - INFO: - [2;29mview_concat {'kmeans': {'AMI': 0.9382, 'NMI': 0.9382, 'ARI': 0.9468, 'accuracy': 0.9754, 'precision': 0.9754, 'recall': 0.9755, 'f_measure': 0.9753}}[0m
2024-12-14 13:28:15 - root - INFO: - [2;29mEpoch : 40/100 ===> Reconstruction Loss = 23.2045  ===> Global Consensus Learning Loss = -143.4395 ===> Classifying Consensus Learning Loss = -3.2917e+03 ===> Coding Consensus  Learning Loss = 511.1250 ===> Total Loss = -3.3064e+03[0m
2024-12-14 13:28:16 - root - INFO: - [2;29mview_concat {'kmeans': {'AMI': 0.9429, 'NMI': 0.943, 'ARI': 0.9523, 'accuracy': 0.978, 'precision': 0.9779, 'recall': 0.978, 'f_measure': 0.9779}}[0m
2024-12-14 13:29:55 - root - INFO: - [2;29mEpoch : 50/100 ===> Reconstruction Loss = 22.5768  ===> Global Consensus Learning Loss = -145.5527 ===> Classifying Consensus Learning Loss = -3.3006e+03 ===> Coding Consensus  Learning Loss = 509.7256 ===> Total Loss = -3.3166e+03[0m
2024-12-14 13:29:56 - root - INFO: - [2;29mview_concat {'kmeans': {'AMI': 0.9448, 'NMI': 0.9449, 'ARI': 0.9539, 'accuracy': 0.9788, 'precision': 0.9787, 'recall': 0.9788, 'f_measure': 0.9786}}[0m
2024-12-14 13:31:39 - root - INFO: - [2;29mEpoch : 60/100 ===> Reconstruction Loss = 20.9647  ===> Global Consensus Learning Loss = -146.8270 ===> Classifying Consensus Learning Loss = -3.3108e+03 ===> Coding Consensus  Learning Loss = 508.6959 ===> Total Loss = -3.3288e+03[0m
2024-12-14 13:31:40 - root - INFO: - [2;29mview_concat {'kmeans': {'AMI': 0.9463, 'NMI': 0.9464, 'ARI': 0.9555, 'accuracy': 0.9795, 'precision': 0.9794, 'recall': 0.9795, 'f_measure': 0.9794}}[0m
2024-12-14 13:33:24 - root - INFO: - [2;29mEpoch : 70/100 ===> Reconstruction Loss = 20.1220  ===> Global Consensus Learning Loss = -147.7140 ===> Classifying Consensus Learning Loss = -3.3204e+03 ===> Coding Consensus  Learning Loss = 507.8838 ===> Total Loss = -3.3395e+03[0m
2024-12-14 13:33:25 - root - INFO: - [2;29mview_concat {'kmeans': {'AMI': 0.9457, 'NMI': 0.9458, 'ARI': 0.9553, 'accuracy': 0.9794, 'precision': 0.9793, 'recall': 0.9794, 'f_measure': 0.9792}}[0m
2024-12-14 13:35:11 - root - INFO: - [2;29mEpoch : 80/100 ===> Reconstruction Loss = 19.7837  ===> Global Consensus Learning Loss = -148.3522 ===> Classifying Consensus Learning Loss = -3.3310e+03 ===> Coding Consensus  Learning Loss = 507.7584 ===> Total Loss = -3.3506e+03[0m
2024-12-14 13:35:16 - root - INFO: - [2;29mview_concat {'kmeans': {'AMI': 0.9467, 'NMI': 0.9467, 'ARI': 0.9558, 'accuracy': 0.9796, 'precision': 0.9796, 'recall': 0.9796, 'f_measure': 0.9795}}[0m
2024-12-14 13:36:56 - root - INFO: - [2;29mEpoch : 90/100 ===> Reconstruction Loss = 19.3645  ===> Global Consensus Learning Loss = -149.3681 ===> Classifying Consensus Learning Loss = -3.3429e+03 ===> Coding Consensus  Learning Loss = 506.8584 ===> Total Loss = -3.3633e+03[0m
2024-12-14 13:36:57 - root - INFO: - [2;29mview_concat {'kmeans': {'AMI': 0.9476, 'NMI': 0.9476, 'ARI': 0.9566, 'accuracy': 0.98, 'precision': 0.9799, 'recall': 0.98, 'f_measure': 0.9799}}[0m
2024-12-14 13:38:37 - root - INFO: - [2;29mEpoch : 100/100 ===> Reconstruction Loss = 18.7499  ===> Global Consensus Learning Loss = -149.8917 ===> Classifying Consensus Learning Loss = -3.3492e+03 ===> Coding Consensus  Learning Loss = 506.7526 ===> Total Loss = -3.3703e+03[0m
2024-12-14 13:38:37 - root - INFO: - [2;29mview_concat {'kmeans': {'AMI': 0.9474, 'NMI': 0.9474, 'ARI': 0.9567, 'accuracy': 0.9801, 'precision': 0.98, 'recall': 0.9801, 'f_measure': 0.98}}[0m
2024-12-14 13:38:38 - root - INFO: - [2;29mbest scoresview_concat {'kmeans': {'AMI': 0.9474, 'NMI': 0.9474, 'ARI': 0.9567, 'accuracy': 0.9801, 'precision': 0.98, 'recall': 0.9801, 'f_measure': 0.98}}[0m
2024-12-14 13:38:38 - root - INFO: - Autoencoder(
  (encoder): Sequential(
    (0): Linear(in_features=784, out_features=1024, bias=True)
    (1): BatchNorm1d(1024, eps=1e-05, momentum=0.1, affine=True, track_running_stats=True)
    (2): ReLU()
    (3): Linear(in_features=1024, out_features=1024, bias=True)
    (4): BatchNorm1d(1024, eps=1e-05, momentum=0.1, affine=True, track_running_stats=True)
    (5): ReLU()
    (6): Linear(in_features=1024, out_features=1024, bias=True)
    (7): BatchNorm1d(1024, eps=1e-05, momentum=0.1, affine=True, track_running_stats=True)
    (8): ReLU()
    (9): Linear(in_features=1024, out_features=64, bias=True)
  )
  (decoder): Sequential(
    (0): Linear(in_features=64, out_features=1024, bias=True)
    (1): BatchNorm1d(1024, eps=1e-05, momentum=0.1, affine=True, track_running_stats=True)
    (2): ReLU()
    (3): Linear(in_features=1024, out_features=1024, bias=True)
    (4): BatchNorm1d(1024, eps=1e-05, momentum=0.1, affine=True, track_running_stats=True)
    (5): ReLU()
    (6): Linear(in_features=1024, out_features=1024, bias=True)
    (7): BatchNorm1d(1024, eps=1e-05, momentum=0.1, affine=True, track_running_stats=True)
    (8): ReLU()
    (9): Linear(in_features=1024, out_features=784, bias=True)
    (10): BatchNorm1d(784, eps=1e-05, momentum=0.1, affine=True, track_running_stats=True)
    (11): ReLU()
  )
)
2024-12-14 13:38:38 - root - INFO: - Adam (
Parameter Group 0
    amsgrad: False
    betas: (0.9, 0.999)
    capturable: False
    differentiable: False
    eps: 1e-08
    foreach: None
    fused: None
    lr: 0.0001
    maximize: False
    weight_decay: 0
)
2024-12-14 13:40:20 - root - INFO: - [2;29mEpoch : 10/100 ===> Reconstruction Loss = 29.9341  ===> Global Consensus Learning Loss = -116.4192 ===> Classifying Consensus Learning Loss = -3.0880e+03 ===> Coding Consensus  Learning Loss = 568.6054 ===> Total Loss = -3.0873e+03[0m
2024-12-14 13:40:21 - root - INFO: - [2;29mview_concat {'kmeans': {'AMI': 0.7374, 'NMI': 0.7377, 'ARI': 0.6101, 'accuracy': 0.682, 'precision': 0.6748, 'recall': 0.6788, 'f_measure': 0.6662}}[0m
2024-12-14 13:42:04 - root - INFO: - [2;29mEpoch : 20/100 ===> Reconstruction Loss = 25.7273  ===> Global Consensus Learning Loss = -135.6097 ===> Classifying Consensus Learning Loss = -3.2478e+03 ===> Coding Consensus  Learning Loss = 520.9494 ===> Total Loss = -3.2575e+03[0m
2024-12-14 13:42:04 - root - INFO: - [2;29mview_concat {'kmeans': {'AMI': 0.9297, 'NMI': 0.9298, 'ARI': 0.9364, 'accuracy': 0.9702, 'precision': 0.97, 'recall': 0.9701, 'f_measure': 0.97}}[0m
2024-12-14 13:43:49 - root - INFO: - [2;29mEpoch : 30/100 ===> Reconstruction Loss = 23.9449  ===> Global Consensus Learning Loss = -141.0830 ===> Classifying Consensus Learning Loss = -3.2784e+03 ===> Coding Consensus  Learning Loss = 515.1713 ===> Total Loss = -3.2917e+03[0m
2024-12-14 13:43:50 - root - INFO: - [2;29mview_concat {'kmeans': {'AMI': 0.944, 'NMI': 0.9441, 'ARI': 0.9544, 'accuracy': 0.979, 'precision': 0.9788, 'recall': 0.9788, 'f_measure': 0.9788}}[0m
2024-12-14 13:45:29 - root - INFO: - [2;29mEpoch : 40/100 ===> Reconstruction Loss = 23.1022  ===> Global Consensus Learning Loss = -144.1569 ===> Classifying Consensus Learning Loss = -3.2859e+03 ===> Coding Consensus  Learning Loss = 513.3887 ===> Total Loss = -3.3009e+03[0m
2024-12-14 13:45:31 - root - INFO: - [2;29mview_concat {'kmeans': {'AMI': 0.9443, 'NMI': 0.9444, 'ARI': 0.9547, 'accuracy': 0.9791, 'precision': 0.9789, 'recall': 0.979, 'f_measure': 0.9789}}[0m
2024-12-14 13:47:14 - root - INFO: - [2;29mEpoch : 50/100 ===> Reconstruction Loss = 21.6634  ===> Global Consensus Learning Loss = -145.8456 ===> Classifying Consensus Learning Loss = -3.2921e+03 ===> Coding Consensus  Learning Loss = 511.9247 ===> Total Loss = -3.3091e+03[0m
2024-12-14 13:47:15 - root - INFO: - [2;29mview_concat {'kmeans': {'AMI': 0.9462, 'NMI': 0.9463, 'ARI': 0.9563, 'accuracy': 0.9798, 'precision': 0.9797, 'recall': 0.9798, 'f_measure': 0.9797}}[0m
2024-12-14 13:48:59 - root - INFO: - [2;29mEpoch : 60/100 ===> Reconstruction Loss = 20.5948  ===> Global Consensus Learning Loss = -147.2944 ===> Classifying Consensus Learning Loss = -3.2991e+03 ===> Coding Consensus  Learning Loss = 511.0760 ===> Total Loss = -3.3176e+03[0m
2024-12-14 13:48:59 - root - INFO: - [2;29mview_concat {'kmeans': {'AMI': 0.9446, 'NMI': 0.9446, 'ARI': 0.9543, 'accuracy': 0.9789, 'precision': 0.9787, 'recall': 0.9788, 'f_measure': 0.9787}}[0m
2024-12-14 13:50:43 - root - INFO: - [2;29mEpoch : 70/100 ===> Reconstruction Loss = 20.2038  ===> Global Consensus Learning Loss = -148.1690 ===> Classifying Consensus Learning Loss = -3.3100e+03 ===> Coding Consensus  Learning Loss = 509.9541 ===> Total Loss = -3.3292e+03[0m
2024-12-14 13:50:43 - root - INFO: - [2;29mview_concat {'kmeans': {'AMI': 0.947, 'NMI': 0.9471, 'ARI': 0.9572, 'accuracy': 0.9803, 'precision': 0.9801, 'recall': 0.9802, 'f_measure': 0.9801}}[0m
2024-12-14 13:52:28 - root - INFO: - [2;29mEpoch : 80/100 ===> Reconstruction Loss = 20.0505  ===> Global Consensus Learning Loss = -148.3931 ===> Classifying Consensus Learning Loss = -3.3202e+03 ===> Coding Consensus  Learning Loss = 508.8003 ===> Total Loss = -3.3396e+03[0m
2024-12-14 13:52:28 - root - INFO: - [2;29mview_concat {'kmeans': {'AMI': 0.9443, 'NMI': 0.9444, 'ARI': 0.9542, 'accuracy': 0.9788, 'precision': 0.9787, 'recall': 0.9787, 'f_measure': 0.9787}}[0m
2024-12-14 13:54:08 - root - INFO: - [2;29mEpoch : 90/100 ===> Reconstruction Loss = 19.8855  ===> Global Consensus Learning Loss = -149.1079 ===> Classifying Consensus Learning Loss = -3.3262e+03 ===> Coding Consensus  Learning Loss = 508.3367 ===> Total Loss = -3.3460e+03[0m
2024-12-14 13:54:22 - root - INFO: - [2;29mview_concat {'kmeans': {'AMI': 0.944, 'NMI': 0.9441, 'ARI': 0.9538, 'accuracy': 0.9786, 'precision': 0.9785, 'recall': 0.9785, 'f_measure': 0.9785}}[0m
2024-12-14 13:56:01 - root - INFO: - [2;29mEpoch : 100/100 ===> Reconstruction Loss = 19.4786  ===> Global Consensus Learning Loss = -149.7703 ===> Classifying Consensus Learning Loss = -3.3350e+03 ===> Coding Consensus  Learning Loss = 507.7787 ===> Total Loss = -3.3554e+03[0m
2024-12-14 13:56:02 - root - INFO: - [2;29mview_concat {'kmeans': {'AMI': 0.9421, 'NMI': 0.9421, 'ARI': 0.9518, 'accuracy': 0.9777, 'precision': 0.9775, 'recall': 0.9776, 'f_measure': 0.9775}}[0m
2024-12-14 13:56:02 - root - INFO: - [2;29mbest scoresview_concat {'kmeans': {'AMI': 0.947, 'NMI': 0.9471, 'ARI': 0.9572, 'accuracy': 0.9803, 'precision': 0.9801, 'recall': 0.9802, 'f_measure': 0.9801}}[0m
2024-12-14 13:56:02 - root - INFO: - Autoencoder(
  (encoder): Sequential(
    (0): Linear(in_features=784, out_features=1024, bias=True)
    (1): BatchNorm1d(1024, eps=1e-05, momentum=0.1, affine=True, track_running_stats=True)
    (2): ReLU()
    (3): Linear(in_features=1024, out_features=1024, bias=True)
    (4): BatchNorm1d(1024, eps=1e-05, momentum=0.1, affine=True, track_running_stats=True)
    (5): ReLU()
    (6): Linear(in_features=1024, out_features=1024, bias=True)
    (7): BatchNorm1d(1024, eps=1e-05, momentum=0.1, affine=True, track_running_stats=True)
    (8): ReLU()
    (9): Linear(in_features=1024, out_features=64, bias=True)
  )
  (decoder): Sequential(
    (0): Linear(in_features=64, out_features=1024, bias=True)
    (1): BatchNorm1d(1024, eps=1e-05, momentum=0.1, affine=True, track_running_stats=True)
    (2): ReLU()
    (3): Linear(in_features=1024, out_features=1024, bias=True)
    (4): BatchNorm1d(1024, eps=1e-05, momentum=0.1, affine=True, track_running_stats=True)
    (5): ReLU()
    (6): Linear(in_features=1024, out_features=1024, bias=True)
    (7): BatchNorm1d(1024, eps=1e-05, momentum=0.1, affine=True, track_running_stats=True)
    (8): ReLU()
    (9): Linear(in_features=1024, out_features=784, bias=True)
    (10): BatchNorm1d(784, eps=1e-05, momentum=0.1, affine=True, track_running_stats=True)
    (11): ReLU()
  )
)
2024-12-14 13:56:02 - root - INFO: - Adam (
Parameter Group 0
    amsgrad: False
    betas: (0.9, 0.999)
    capturable: False
    differentiable: False
    eps: 1e-08
    foreach: None
    fused: None
    lr: 0.0001
    maximize: False
    weight_decay: 0
)
2024-12-14 13:57:37 - root - INFO: - [2;29mEpoch : 10/100 ===> Reconstruction Loss = 30.0038  ===> Global Consensus Learning Loss = -115.2236 ===> Classifying Consensus Learning Loss = -3.0920e+03 ===> Coding Consensus  Learning Loss = 564.6525 ===> Total Loss = -3.0909e+03[0m
2024-12-14 13:57:38 - root - INFO: - [2;29mview_concat {'kmeans': {'AMI': 0.7905, 'NMI': 0.7906, 'ARI': 0.7093, 'accuracy': 0.7936, 'precision': 0.7674, 'recall': 0.792, 'f_measure': 0.7728}}[0m
2024-12-14 13:59:16 - root - INFO: - [2;29mEpoch : 20/100 ===> Reconstruction Loss = 26.7575  ===> Global Consensus Learning Loss = -135.5875 ===> Classifying Consensus Learning Loss = -3.2666e+03 ===> Coding Consensus  Learning Loss = 518.8094 ===> Total Loss = -3.2754e+03[0m
2024-12-14 13:59:17 - root - INFO: - [2;29mview_concat {'kmeans': {'AMI': 0.9382, 'NMI': 0.9383, 'ARI': 0.9479, 'accuracy': 0.976, 'precision': 0.976, 'recall': 0.976, 'f_measure': 0.9759}}[0m
2024-12-14 14:00:55 - root - INFO: - [2;29mEpoch : 30/100 ===> Reconstruction Loss = 25.4691  ===> Global Consensus Learning Loss = -141.4599 ===> Classifying Consensus Learning Loss = -3.2835e+03 ===> Coding Consensus  Learning Loss = 513.4179 ===> Total Loss = -3.2953e+03[0m
2024-12-14 14:00:56 - root - INFO: - [2;29mview_concat {'kmeans': {'AMI': 0.9442, 'NMI': 0.9442, 'ARI': 0.9544, 'accuracy': 0.9791, 'precision': 0.9791, 'recall': 0.9791, 'f_measure': 0.979}}[0m
2024-12-14 14:02:34 - root - INFO: - [2;29mEpoch : 40/100 ===> Reconstruction Loss = 24.0849  ===> Global Consensus Learning Loss = -144.6515 ===> Classifying Consensus Learning Loss = -3.2949e+03 ===> Coding Consensus  Learning Loss = 511.0164 ===> Total Loss = -3.3091e+03[0m
2024-12-14 14:02:34 - root - INFO: - [2;29mview_concat {'kmeans': {'AMI': 0.9485, 'NMI': 0.9486, 'ARI': 0.9585, 'accuracy': 0.981, 'precision': 0.9809, 'recall': 0.981, 'f_measure': 0.9809}}[0m
2024-12-14 14:04:11 - root - INFO: - [2;29mEpoch : 50/100 ===> Reconstruction Loss = 22.8801  ===> Global Consensus Learning Loss = -146.5088 ===> Classifying Consensus Learning Loss = -3.2984e+03 ===> Coding Consensus  Learning Loss = 510.2489 ===> Total Loss = -3.3144e+03[0m
2024-12-14 14:04:12 - root - INFO: - [2;29mview_concat {'kmeans': {'AMI': 0.9497, 'NMI': 0.9498, 'ARI': 0.9597, 'accuracy': 0.9816, 'precision': 0.9815, 'recall': 0.9815, 'f_measure': 0.9815}}[0m
2024-12-14 14:05:48 - root - INFO: - [2;29mEpoch : 60/100 ===> Reconstruction Loss = 22.1175  ===> Global Consensus Learning Loss = -148.2332 ===> Classifying Consensus Learning Loss = -3.3076e+03 ===> Coding Consensus  Learning Loss = 509.7745 ===> Total Loss = -3.3248e+03[0m
2024-12-14 14:05:49 - root - INFO: - [2;29mview_concat {'kmeans': {'AMI': 0.9512, 'NMI': 0.9513, 'ARI': 0.9611, 'accuracy': 0.9822, 'precision': 0.9821, 'recall': 0.9822, 'f_measure': 0.9821}}[0m
2024-12-14 14:07:27 - root - INFO: - [2;29mEpoch : 70/100 ===> Reconstruction Loss = 20.7222  ===> Global Consensus Learning Loss = -149.0396 ===> Classifying Consensus Learning Loss = -3.3170e+03 ===> Coding Consensus  Learning Loss = 508.7324 ===> Total Loss = -3.3359e+03[0m
2024-12-14 14:07:28 - root - INFO: - [2;29mview_concat {'kmeans': {'AMI': 0.9483, 'NMI': 0.9484, 'ARI': 0.9584, 'accuracy': 0.981, 'precision': 0.9809, 'recall': 0.9809, 'f_measure': 0.9809}}[0m
2024-12-14 14:09:07 - root - INFO: - [2;29mEpoch : 80/100 ===> Reconstruction Loss = 20.8385  ===> Global Consensus Learning Loss = -149.7595 ===> Classifying Consensus Learning Loss = -3.3246e+03 ===> Coding Consensus  Learning Loss = 508.3360 ===> Total Loss = -3.3436e+03[0m
2024-12-14 14:09:08 - root - INFO: - [2;29mview_concat {'kmeans': {'AMI': 0.948, 'NMI': 0.948, 'ARI': 0.9579, 'accuracy': 0.9807, 'precision': 0.9806, 'recall': 0.9807, 'f_measure': 0.9806}}[0m
2024-12-14 14:10:49 - root - INFO: - [2;29mEpoch : 90/100 ===> Reconstruction Loss = 19.4786  ===> Global Consensus Learning Loss = -150.0972 ===> Classifying Consensus Learning Loss = -3.3396e+03 ===> Coding Consensus  Learning Loss = 507.2309 ===> Total Loss = -3.3601e+03[0m
2024-12-14 14:10:50 - root - INFO: - [2;29mview_concat {'kmeans': {'AMI': 0.9471, 'NMI': 0.9471, 'ARI': 0.9576, 'accuracy': 0.9806, 'precision': 0.9805, 'recall': 0.9806, 'f_measure': 0.9805}}[0m
2024-12-14 14:12:27 - root - INFO: - [2;29mEpoch : 100/100 ===> Reconstruction Loss = 18.8008  ===> Global Consensus Learning Loss = -150.7542 ===> Classifying Consensus Learning Loss = -3.3539e+03 ===> Coding Consensus  Learning Loss = 506.4216 ===> Total Loss = -3.3752e+03[0m
2024-12-14 14:12:27 - root - INFO: - [2;29mview_concat {'kmeans': {'AMI': 0.9441, 'NMI': 0.9441, 'ARI': 0.9547, 'accuracy': 0.9792, 'precision': 0.9791, 'recall': 0.9791, 'f_measure': 0.9791}}[0m
2024-12-14 14:12:27 - root - INFO: - [2;29mbest scoresview_concat {'kmeans': {'AMI': 0.9512, 'NMI': 0.9513, 'ARI': 0.9611, 'accuracy': 0.9822, 'precision': 0.9821, 'recall': 0.9822, 'f_measure': 0.9821}}[0m
2024-12-14 14:12:28 - root - INFO: - Autoencoder(
  (encoder): Sequential(
    (0): Linear(in_features=784, out_features=1024, bias=True)
    (1): BatchNorm1d(1024, eps=1e-05, momentum=0.1, affine=True, track_running_stats=True)
    (2): ReLU()
    (3): Linear(in_features=1024, out_features=1024, bias=True)
    (4): BatchNorm1d(1024, eps=1e-05, momentum=0.1, affine=True, track_running_stats=True)
    (5): ReLU()
    (6): Linear(in_features=1024, out_features=1024, bias=True)
    (7): BatchNorm1d(1024, eps=1e-05, momentum=0.1, affine=True, track_running_stats=True)
    (8): ReLU()
    (9): Linear(in_features=1024, out_features=64, bias=True)
  )
  (decoder): Sequential(
    (0): Linear(in_features=64, out_features=1024, bias=True)
    (1): BatchNorm1d(1024, eps=1e-05, momentum=0.1, affine=True, track_running_stats=True)
    (2): ReLU()
    (3): Linear(in_features=1024, out_features=1024, bias=True)
    (4): BatchNorm1d(1024, eps=1e-05, momentum=0.1, affine=True, track_running_stats=True)
    (5): ReLU()
    (6): Linear(in_features=1024, out_features=1024, bias=True)
    (7): BatchNorm1d(1024, eps=1e-05, momentum=0.1, affine=True, track_running_stats=True)
    (8): ReLU()
    (9): Linear(in_features=1024, out_features=784, bias=True)
    (10): BatchNorm1d(784, eps=1e-05, momentum=0.1, affine=True, track_running_stats=True)
    (11): ReLU()
  )
)
2024-12-14 14:12:28 - root - INFO: - Adam (
Parameter Group 0
    amsgrad: False
    betas: (0.9, 0.999)
    capturable: False
    differentiable: False
    eps: 1e-08
    foreach: None
    fused: None
    lr: 0.0001
    maximize: False
    weight_decay: 0
)
2024-12-14 14:14:07 - root - INFO: - [2;29mEpoch : 10/100 ===> Reconstruction Loss = 31.2789  ===> Global Consensus Learning Loss = -108.4428 ===> Classifying Consensus Learning Loss = -3.0586e+03 ===> Coding Consensus  Learning Loss = 579.4644 ===> Total Loss = -3.0541e+03[0m
2024-12-14 14:14:08 - root - INFO: - [2;29mview_concat {'kmeans': {'AMI': 0.7769, 'NMI': 0.7771, 'ARI': 0.6678, 'accuracy': 0.7445, 'precision': 0.7085, 'recall': 0.7412, 'f_measure': 0.7154}}[0m
2024-12-14 14:15:47 - root - INFO: - [2;29mEpoch : 20/100 ===> Reconstruction Loss = 26.7608  ===> Global Consensus Learning Loss = -135.3654 ===> Classifying Consensus Learning Loss = -3.2690e+03 ===> Coding Consensus  Learning Loss = 519.1203 ===> Total Loss = -3.2776e+03[0m
2024-12-14 14:15:48 - root - INFO: - [2;29mview_concat {'kmeans': {'AMI': 0.9441, 'NMI': 0.9442, 'ARI': 0.9541, 'accuracy': 0.9788, 'precision': 0.9787, 'recall': 0.9788, 'f_measure': 0.9787}}[0m
2024-12-14 14:17:26 - root - INFO: - [2;29mEpoch : 30/100 ===> Reconstruction Loss = 25.0227  ===> Global Consensus Learning Loss = -141.3838 ===> Classifying Consensus Learning Loss = -3.2873e+03 ===> Coding Consensus  Learning Loss = 513.8383 ===> Total Loss = -3.2995e+03[0m
2024-12-14 14:17:27 - root - INFO: - [2;29mview_concat {'kmeans': {'AMI': 0.9505, 'NMI': 0.9505, 'ARI': 0.9605, 'accuracy': 0.9819, 'precision': 0.9818, 'recall': 0.9819, 'f_measure': 0.9818}}[0m
2024-12-14 14:19:05 - root - INFO: - [2;29mEpoch : 40/100 ===> Reconstruction Loss = 24.0364  ===> Global Consensus Learning Loss = -144.4313 ===> Classifying Consensus Learning Loss = -3.2932e+03 ===> Coding Consensus  Learning Loss = 511.5340 ===> Total Loss = -3.3074e+03[0m
2024-12-14 14:19:06 - root - INFO: - [2;29mview_concat {'kmeans': {'AMI': 0.9532, 'NMI': 0.9532, 'ARI': 0.963, 'accuracy': 0.983, 'precision': 0.9829, 'recall': 0.983, 'f_measure': 0.9829}}[0m
2024-12-14 14:20:47 - root - INFO: - [2;29mEpoch : 50/100 ===> Reconstruction Loss = 23.2189  ===> Global Consensus Learning Loss = -146.1449 ===> Classifying Consensus Learning Loss = -3.2956e+03 ===> Coding Consensus  Learning Loss = 510.5324 ===> Total Loss = -3.3112e+03[0m
2024-12-14 14:20:48 - root - INFO: - [2;29mview_concat {'kmeans': {'AMI': 0.9516, 'NMI': 0.9517, 'ARI': 0.9618, 'accuracy': 0.9825, 'precision': 0.9824, 'recall': 0.9825, 'f_measure': 0.9824}}[0m
2024-12-14 14:22:24 - root - INFO: - [2;29mEpoch : 60/100 ===> Reconstruction Loss = 21.7511  ===> Global Consensus Learning Loss = -147.4300 ===> Classifying Consensus Learning Loss = -3.3013e+03 ===> Coding Consensus  Learning Loss = 509.6019 ===> Total Loss = -3.3187e+03[0m
2024-12-14 14:22:25 - root - INFO: - [2;29mview_concat {'kmeans': {'AMI': 0.9502, 'NMI': 0.9503, 'ARI': 0.9607, 'accuracy': 0.982, 'precision': 0.9818, 'recall': 0.9819, 'f_measure': 0.9818}}[0m
2024-12-14 14:24:03 - root - INFO: - [2;29mEpoch : 70/100 ===> Reconstruction Loss = 20.3135  ===> Global Consensus Learning Loss = -148.2715 ===> Classifying Consensus Learning Loss = -3.3110e+03 ===> Coding Consensus  Learning Loss = 509.3950 ===> Total Loss = -3.3301e+03[0m
2024-12-14 14:24:04 - root - INFO: - [2;29mview_concat {'kmeans': {'AMI': 0.9497, 'NMI': 0.9497, 'ARI': 0.9602, 'accuracy': 0.9818, 'precision': 0.9816, 'recall': 0.9817, 'f_measure': 0.9816}}[0m
2024-12-14 14:25:41 - root - INFO: - [2;29mEpoch : 80/100 ===> Reconstruction Loss = 19.9491  ===> Global Consensus Learning Loss = -148.7856 ===> Classifying Consensus Learning Loss = -3.3238e+03 ===> Coding Consensus  Learning Loss = 508.3379 ===> Total Loss = -3.3435e+03[0m
2024-12-14 14:25:42 - root - INFO: - [2;29mview_concat {'kmeans': {'AMI': 0.9518, 'NMI': 0.9518, 'ARI': 0.9619, 'accuracy': 0.9825, 'precision': 0.9824, 'recall': 0.9824, 'f_measure': 0.9824}}[0m
2024-12-14 14:27:19 - root - INFO: - [2;29mEpoch : 90/100 ===> Reconstruction Loss = 19.2287  ===> Global Consensus Learning Loss = -149.3426 ===> Classifying Consensus Learning Loss = -3.3330e+03 ===> Coding Consensus  Learning Loss = 507.6612 ===> Total Loss = -3.3535e+03[0m
2024-12-14 14:27:20 - root - INFO: - [2;29mview_concat {'kmeans': {'AMI': 0.9508, 'NMI': 0.9508, 'ARI': 0.961, 'accuracy': 0.9821, 'precision': 0.982, 'recall': 0.982, 'f_measure': 0.982}}[0m
2024-12-14 14:28:58 - root - INFO: - [2;29mEpoch : 100/100 ===> Reconstruction Loss = 18.7540  ===> Global Consensus Learning Loss = -149.7719 ===> Classifying Consensus Learning Loss = -3.3463e+03 ===> Coding Consensus  Learning Loss = 507.0896 ===> Total Loss = -3.3674e+03[0m
2024-12-14 14:28:59 - root - INFO: - [2;29mview_concat {'kmeans': {'AMI': 0.9511, 'NMI': 0.9512, 'ARI': 0.9611, 'accuracy': 0.9822, 'precision': 0.982, 'recall': 0.9821, 'f_measure': 0.982}}[0m
2024-12-14 14:28:59 - root - INFO: - [2;29mbest scoresview_concat {'kmeans': {'AMI': 0.9532, 'NMI': 0.9532, 'ARI': 0.963, 'accuracy': 0.983, 'precision': 0.9829, 'recall': 0.983, 'f_measure': 0.9829}}[0m
2024-12-14 14:28:59 - root - INFO: - --------------------Training over--------------------
2024-12-14 14:28:59 - root - INFO: - The total of training time is5152.7635951042175
2024-12-14 14:28:59 - root - INFO: - ACC:[0.9778, 0.9801, 0.9803, 0.9822, 0.983]
2024-12-14 14:28:59 - root - INFO: - NMI:[0.9423, 0.9474, 0.9471, 0.9513, 0.9532]
2024-12-14 14:28:59 - root - INFO: - ARI:[0.9517, 0.9567, 0.9572, 0.9611, 0.963]
2024-12-14 14:28:59 - root - INFO: -  ACC 98.07 std 0.18 NMI 94.83 std 0.38 ARI 95.79 std 0.39
